different number of currencies in ConvertClass and in db ['AUD', 'AZN', 'AMD', 'BYN', 'BGN', 'BRL', 'HUF', 'KRW', 'HKD', 'DKK', 'USD', 'EUR', 'INR', 'KZT', 'CAD', 'KGS', 'CNY', 'MDL', 'TMT', 'NOK', 'PLN', 'RON', 'XDR', 'SGD', 'TJS', 'TRY', 'UZS', 'UAH', 'GBP', 'CZK', 'SEK', 'CHF', 'ZAR', 'JPY', 'RUB']
 []
different number of currencies in ConvertClass and in db ['AUD', 'AZN', 'AMD', 'BYN', 'BGN', 'BRL', 'HUF', 'KRW', 'HKD', 'DKK', 'USD', 'EUR', 'INR', 'KZT', 'CAD', 'KGS', 'CNY', 'MDL', 'TMT', 'NOK', 'PLN', 'RON', 'XDR', 'SGD', 'TJS', 'TRY', 'UZS', 'UAH', 'GBP', 'CZK', 'SEK', 'CHF', 'ZAR', 'JPY', 'RUB']
 []
different number of currencies in ConvertClass and in db ['AUD', 'AZN', 'AMD', 'BYN', 'BGN', 'BRL', 'HUF', 'KRW', 'HKD', 'DKK', 'USD', 'EUR', 'INR', 'KZT', 'CAD', 'KGS', 'CNY', 'MDL', 'TMT', 'NOK', 'PLN', 'RON', 'XDR', 'SGD', 'TJS', 'TRY', 'UZS', 'UAH', 'GBP', 'CZK', 'SEK', 'CHF', 'ZAR', 'JPY', 'RUB']
 []
different number of currencies in ConvertClass and in db ['AUD', 'AZN', 'AMD', 'BYN', 'BGN', 'BRL', 'HUF', 'KRW', 'HKD', 'DKK', 'USD', 'EUR', 'INR', 'KZT', 'CAD', 'KGS', 'CNY', 'MDL', 'TMT', 'NOK', 'PLN', 'RON', 'XDR', 'SGD', 'TJS', 'TRY', 'UZS', 'UAH', 'GBP', 'CZK', 'SEK', 'CHF', 'ZAR', 'JPY', 'RUB']
 []
different number of currencies in ConvertClass and in db ['AUD', 'AZN', 'AMD', 'BYN', 'BGN', 'BRL', 'HUF', 'KRW', 'HKD', 'DKK', 'USD', 'EUR', 'INR', 'KZT', 'CAD', 'KGS', 'CNY', 'MDL', 'TMT', 'NOK', 'PLN', 'RON', 'XDR', 'SGD', 'TJS', 'TRY', 'UZS', 'UAH', 'GBP', 'CZK', 'SEK', 'CHF', 'ZAR', 'JPY', 'RUB']
 []
different number of currencies in ConvertClass and in db ['AUD', 'AZN', 'AMD', 'BYN', 'BGN', 'BRL', 'HUF', 'KRW', 'HKD', 'DKK', 'USD', 'EUR', 'INR', 'KZT', 'CAD', 'KGS', 'CNY', 'MDL', 'TMT', 'NOK', 'PLN', 'RON', 'XDR', 'SGD', 'TJS', 'TRY', 'UZS', 'UAH', 'GBP', 'CZK', 'SEK', 'CHF', 'ZAR', 'JPY', 'RUB']
 []
different number of currencies in ConvertClass and in db ['AUD', 'AZN', 'AMD', 'BYN', 'BGN', 'BRL', 'HUF', 'KRW', 'HKD', 'DKK', 'USD', 'EUR', 'INR', 'KZT', 'CAD', 'KGS', 'CNY', 'MDL', 'TMT', 'NOK', 'PLN', 'RON', 'XDR', 'SGD', 'TJS', 'TRY', 'UZS', 'UAH', 'GBP', 'CZK', 'SEK', 'CHF', 'ZAR', 'JPY', 'RUB']
 []
different number of currencies in ConvertClass and in db ['AUD', 'AZN', 'AMD', 'BYN', 'BGN', 'BRL', 'HUF', 'KRW', 'HKD', 'DKK', 'USD', 'EUR', 'INR', 'KZT', 'CAD', 'KGS', 'CNY', 'MDL', 'TMT', 'NOK', 'PLN', 'RON', 'XDR', 'SGD', 'TJS', 'TRY', 'UZS', 'UAH', 'GBP', 'CZK', 'SEK', 'CHF', 'ZAR', 'JPY', 'RUB']
 []
different number of currencies in ConvertClass and in db ['AUD', 'AZN', 'AMD', 'BYN', 'BGN', 'BRL', 'HUF', 'KRW', 'HKD', 'DKK', 'USD', 'EUR', 'INR', 'KZT', 'CAD', 'KGS', 'CNY', 'MDL', 'TMT', 'NOK', 'PLN', 'RON', 'XDR', 'SGD', 'TJS', 'TRY', 'UZS', 'UAH', 'GBP', 'CZK', 'SEK', 'CHF', 'ZAR', 'JPY', 'RUB']
 []
different number of currencies in ConvertClass and in db ['AUD', 'AZN', 'AMD', 'BYN', 'BGN', 'BRL', 'HUF', 'KRW', 'HKD', 'DKK', 'USD', 'EUR', 'INR', 'KZT', 'CAD', 'KGS', 'CNY', 'MDL', 'TMT', 'NOK', 'PLN', 'RON', 'XDR', 'SGD', 'TJS', 'TRY', 'UZS', 'UAH', 'GBP', 'CZK', 'SEK', 'CHF', 'ZAR', 'JPY', 'RUB']
 []
different number of currencies in ConvertClass and in db ['AUD', 'AZN', 'AMD', 'BYN', 'BGN', 'BRL', 'HUF', 'KRW', 'HKD', 'DKK', 'USD', 'EUR', 'INR', 'KZT', 'CAD', 'KGS', 'CNY', 'MDL', 'TMT', 'NOK', 'PLN', 'RON', 'XDR', 'SGD', 'TJS', 'TRY', 'UZS', 'UAH', 'GBP', 'CZK', 'SEK', 'CHF', 'ZAR', 'JPY', 'RUB']
 []
different number of currencies in ConvertClass and in db ['AUD', 'AZN', 'AMD', 'BYN', 'BGN', 'BRL', 'HUF', 'KRW', 'HKD', 'DKK', 'USD', 'EUR', 'INR', 'KZT', 'CAD', 'KGS', 'CNY', 'MDL', 'TMT', 'NOK', 'PLN', 'RON', 'XDR', 'SGD', 'TJS', 'TRY', 'UZS', 'UAH', 'GBP', 'CZK', 'SEK', 'CHF', 'ZAR', 'JPY', 'RUB']
 []
different number of currencies in ConvertClass and in db ['AUD', 'AZN', 'AMD', 'BYN', 'BGN', 'BRL', 'HUF', 'KRW', 'HKD', 'DKK', 'USD', 'EUR', 'INR', 'KZT', 'CAD', 'KGS', 'CNY', 'MDL', 'TMT', 'NOK', 'PLN', 'RON', 'XDR', 'SGD', 'TJS', 'TRY', 'UZS', 'UAH', 'GBP', 'CZK', 'SEK', 'CHF', 'ZAR', 'JPY', 'RUB']
 []
different number of currencies in ConvertClass and in db ['AUD', 'AZN', 'AMD', 'BYN', 'BGN', 'BRL', 'HUF', 'KRW', 'HKD', 'DKK', 'USD', 'EUR', 'INR', 'KZT', 'CAD', 'KGS', 'CNY', 'MDL', 'TMT', 'NOK', 'PLN', 'RON', 'XDR', 'SGD', 'TJS', 'TRY', 'UZS', 'UAH', 'GBP', 'CZK', 'SEK', 'CHF', 'ZAR', 'JPY', 'RUB']
 []
different number of currencies in ConvertClass and in db ['AUD', 'AZN', 'AMD', 'BYN', 'BGN', 'BRL', 'HUF', 'KRW', 'HKD', 'DKK', 'USD', 'EUR', 'INR', 'KZT', 'CAD', 'KGS', 'CNY', 'MDL', 'TMT', 'NOK', 'PLN', 'RON', 'XDR', 'SGD', 'TJS', 'TRY', 'UZS', 'UAH', 'GBP', 'CZK', 'SEK', 'CHF', 'ZAR', 'JPY', 'RUB']
 []
different number of currencies in ConvertClass and in db ['AUD', 'AZN', 'AMD', 'BYN', 'BGN', 'BRL', 'HUF', 'KRW', 'HKD', 'DKK', 'USD', 'EUR', 'INR', 'KZT', 'CAD', 'KGS', 'CNY', 'MDL', 'TMT', 'NOK', 'PLN', 'RON', 'XDR', 'SGD', 'TJS', 'TRY', 'UZS', 'UAH', 'GBP', 'CZK', 'SEK', 'CHF', 'ZAR', 'JPY', 'RUB']
 []
different number of currencies in ConvertClass and in db ['AUD', 'AZN', 'AMD', 'BYN', 'BGN', 'BRL', 'HUF', 'KRW', 'HKD', 'DKK', 'USD', 'EUR', 'INR', 'KZT', 'CAD', 'KGS', 'CNY', 'MDL', 'TMT', 'NOK', 'PLN', 'RON', 'XDR', 'SGD', 'TJS', 'TRY', 'UZS', 'UAH', 'GBP', 'CZK', 'SEK', 'CHF', 'ZAR', 'JPY', 'RUB']
 []
different number of currencies in ConvertClass and in db ['AUD', 'AZN', 'AMD', 'BYN', 'BGN', 'BRL', 'HUF', 'KRW', 'HKD', 'DKK', 'USD', 'EUR', 'INR', 'KZT', 'CAD', 'KGS', 'CNY', 'MDL', 'TMT', 'NOK', 'PLN', 'RON', 'XDR', 'SGD', 'TJS', 'TRY', 'UZS', 'UAH', 'GBP', 'CZK', 'SEK', 'CHF', 'ZAR', 'JPY', 'RUB']
 []
different number of currencies in ConvertClass and in db ['AUD', 'AZN', 'AMD', 'BYN', 'BGN', 'BRL', 'HUF', 'KRW', 'HKD', 'DKK', 'USD', 'EUR', 'INR', 'KZT', 'CAD', 'KGS', 'CNY', 'MDL', 'TMT', 'NOK', 'PLN', 'RON', 'XDR', 'SGD', 'TJS', 'TRY', 'UZS', 'UAH', 'GBP', 'CZK', 'SEK', 'CHF', 'ZAR', 'JPY', 'RUB']
 []
different number of currencies in ConvertClass and in db ['AUD', 'AZN', 'AMD', 'BYN', 'BGN', 'BRL', 'HUF', 'KRW', 'HKD', 'DKK', 'USD', 'EUR', 'INR', 'KZT', 'CAD', 'KGS', 'CNY', 'MDL', 'TMT', 'NOK', 'PLN', 'RON', 'XDR', 'SGD', 'TJS', 'TRY', 'UZS', 'UAH', 'GBP', 'CZK', 'SEK', 'CHF', 'ZAR', 'JPY', 'RUB']
 []
different number of currencies in ConvertClass and in db ['AUD', 'AZN', 'AMD', 'BYN', 'BGN', 'BRL', 'HUF', 'KRW', 'HKD', 'DKK', 'USD', 'EUR', 'INR', 'KZT', 'CAD', 'KGS', 'CNY', 'MDL', 'TMT', 'NOK', 'PLN', 'RON', 'XDR', 'SGD', 'TJS', 'TRY', 'UZS', 'UAH', 'GBP', 'CZK', 'SEK', 'CHF', 'ZAR', 'JPY', 'RUB']
 []
different number of currencies in ConvertClass and in db ['AUD', 'AZN', 'AMD', 'BYN', 'BGN', 'BRL', 'HUF', 'KRW', 'HKD', 'DKK', 'USD', 'EUR', 'INR', 'KZT', 'CAD', 'KGS', 'CNY', 'MDL', 'TMT', 'NOK', 'PLN', 'RON', 'XDR', 'SGD', 'TJS', 'TRY', 'UZS', 'UAH', 'GBP', 'CZK', 'SEK', 'CHF', 'ZAR', 'JPY', 'RUB']
 []
different number of currencies in ConvertClass and in db ['AUD', 'AZN', 'AMD', 'BYN', 'BGN', 'BRL', 'HUF', 'KRW', 'HKD', 'DKK', 'USD', 'EUR', 'INR', 'KZT', 'CAD', 'KGS', 'CNY', 'MDL', 'TMT', 'NOK', 'PLN', 'RON', 'XDR', 'SGD', 'TJS', 'TRY', 'UZS', 'UAH', 'GBP', 'CZK', 'SEK', 'CHF', 'ZAR', 'JPY', 'RUB']
 []
different number of currencies in ConvertClass and in db ['AUD', 'AZN', 'AMD', 'BYN', 'BGN', 'BRL', 'HUF', 'KRW', 'HKD', 'DKK', 'USD', 'EUR', 'INR', 'KZT', 'CAD', 'KGS', 'CNY', 'MDL', 'TMT', 'NOK', 'PLN', 'RON', 'XDR', 'SGD', 'TJS', 'TRY', 'UZS', 'UAH', 'GBP', 'CZK', 'SEK', 'CHF', 'ZAR', 'JPY', 'RUB']
 []
different number of currencies in ConvertClass and in db ['AUD', 'AZN', 'AMD', 'BYN', 'BGN', 'BRL', 'HUF', 'KRW', 'HKD', 'DKK', 'USD', 'EUR', 'INR', 'KZT', 'CAD', 'KGS', 'CNY', 'MDL', 'TMT', 'NOK', 'PLN', 'RON', 'XDR', 'SGD', 'TJS', 'TRY', 'UZS', 'UAH', 'GBP', 'CZK', 'SEK', 'CHF', 'ZAR', 'JPY', 'RUB']
 []
different number of currencies in ConvertClass and in db ['AUD', 'AZN', 'AMD', 'BYN', 'BGN', 'BRL', 'HUF', 'KRW', 'HKD', 'DKK', 'USD', 'EUR', 'INR', 'KZT', 'CAD', 'KGS', 'CNY', 'MDL', 'TMT', 'NOK', 'PLN', 'RON', 'XDR', 'SGD', 'TJS', 'TRY', 'UZS', 'UAH', 'GBP', 'CZK', 'SEK', 'CHF', 'ZAR', 'JPY', 'RUB']
 []
different number of currencies in ConvertClass and in db ['AUD', 'AZN', 'AMD', 'BYN', 'BGN', 'BRL', 'HUF', 'KRW', 'HKD', 'DKK', 'USD', 'EUR', 'INR', 'KZT', 'CAD', 'KGS', 'CNY', 'MDL', 'TMT', 'NOK', 'PLN', 'RON', 'XDR', 'SGD', 'TJS', 'TRY', 'UZS', 'UAH', 'GBP', 'CZK', 'SEK', 'CHF', 'ZAR', 'JPY', 'RUB']
 []
different number of currencies in ConvertClass and in db ['AUD', 'AZN', 'AMD', 'BYN', 'BGN', 'BRL', 'HUF', 'KRW', 'HKD', 'DKK', 'USD', 'EUR', 'INR', 'KZT', 'CAD', 'KGS', 'CNY', 'MDL', 'TMT', 'NOK', 'PLN', 'RON', 'XDR', 'SGD', 'TJS', 'TRY', 'UZS', 'UAH', 'GBP', 'CZK', 'SEK', 'CHF', 'ZAR', 'JPY', 'RUB']
 []
data loss during transfer
 ['AUD', 'AZN', 'AMD', 'BYN', 'BGN', 'BRL', 'HUF', 'KRW', 'HKD', 'DKK', 'USD', 'EUR', 'INR', 'KZT', 'CAD', 'KGS', 'CNY', 'MDL', 'TMT', 'NOK', 'PLN', 'RON', 'XDR', 'SGD', 'TJS', 'TRY', 'UZS', 'UAH', 'GBP', 'CZK', 'SEK', 'CHF', 'ZAR', 'JPY', 'RUB'] 
[]
different number of currencies in ConvertClass and in db ['AUD', 'AZN', 'AMD', 'BYN', 'BGN', 'BRL', 'HUF', 'KRW', 'HKD', 'DKK', 'USD', 'EUR', 'INR', 'KZT', 'CAD', 'KGS', 'CNY', 'MDL', 'TMT', 'NOK', 'PLN', 'RON', 'XDR', 'SGD', 'TJS', 'TRY', 'UZS', 'UAH', 'GBP', 'CZK', 'SEK', 'CHF', 'ZAR', 'JPY', 'RUB']
 []
data loss during transfer
 ['AUD', 'AZN', 'AMD', 'BYN', 'BGN', 'BRL', 'HUF', 'KRW', 'HKD', 'DKK', 'USD', 'EUR', 'INR', 'KZT', 'CAD', 'KGS', 'CNY', 'MDL', 'TMT', 'NOK', 'PLN', 'RON', 'XDR', 'SGD', 'TJS', 'TRY', 'UZS', 'UAH', 'GBP', 'CZK', 'SEK', 'CHF', 'ZAR', 'JPY', 'RUB'] 
[]
different number of currencies in ConvertClass and in db ['AUD', 'AZN', 'AMD', 'BYN', 'BGN', 'BRL', 'HUF', 'KRW', 'HKD', 'DKK', 'USD', 'EUR', 'INR', 'KZT', 'CAD', 'KGS', 'CNY', 'MDL', 'TMT', 'NOK', 'PLN', 'RON', 'XDR', 'SGD', 'TJS', 'TRY', 'UZS', 'UAH', 'GBP', 'CZK', 'SEK', 'CHF', 'ZAR', 'JPY', 'RUB']
 []
different number of currencies in ConvertClass and in db ['AUD', 'AZN', 'AMD', 'BYN', 'BGN', 'BRL', 'HUF', 'KRW', 'HKD', 'DKK', 'USD', 'EUR', 'INR', 'KZT', 'CAD', 'KGS', 'CNY', 'MDL', 'TMT', 'NOK', 'PLN', 'RON', 'XDR', 'SGD', 'TJS', 'TRY', 'UZS', 'UAH', 'GBP', 'CZK', 'SEK', 'CHF', 'ZAR', 'JPY', 'RUB']
 []
different number of currencies in ConvertClass and in db ['AUD', 'AZN', 'AMD', 'BYN', 'BGN', 'BRL', 'HUF', 'KRW', 'HKD', 'DKK', 'USD', 'EUR', 'INR', 'KZT', 'CAD', 'KGS', 'CNY', 'MDL', 'TMT', 'NOK', 'PLN', 'RON', 'XDR', 'SGD', 'TJS', 'TRY', 'UZS', 'UAH', 'GBP', 'CZK', 'SEK', 'CHF', 'ZAR', 'JPY', 'RUB']
 []
different number of currencies in ConvertClass and in db ['AUD', 'AZN', 'AMD', 'BYN', 'BGN', 'BRL', 'HUF', 'KRW', 'HKD', 'DKK', 'USD', 'EUR', 'INR', 'KZT', 'CAD', 'KGS', 'CNY', 'MDL', 'TMT', 'NOK', 'PLN', 'RON', 'XDR', 'SGD', 'TJS', 'TRY', 'UZS', 'UAH', 'GBP', 'CZK', 'SEK', 'CHF', 'ZAR', 'JPY', 'RUB']
 []
different number of currencies in ConvertClass and in db ['AUD', 'AZN', 'AMD', 'BYN', 'BGN', 'BRL', 'HUF', 'KRW', 'HKD', 'DKK', 'USD', 'EUR', 'INR', 'KZT', 'CAD', 'KGS', 'CNY', 'MDL', 'TMT', 'NOK', 'PLN', 'RON', 'XDR', 'SGD', 'TJS', 'TRY', 'UZS', 'UAH', 'GBP', 'CZK', 'SEK', 'CHF', 'ZAR', 'JPY', 'RUB']
 []
different number of currencies in ConvertClass and in db ['AUD', 'AZN', 'AMD', 'BYN', 'BGN', 'BRL', 'HUF', 'KRW', 'HKD', 'DKK', 'USD', 'EUR', 'INR', 'KZT', 'CAD', 'KGS', 'CNY', 'MDL', 'TMT', 'NOK', 'PLN', 'RON', 'XDR', 'SGD', 'TJS', 'TRY', 'UZS', 'UAH', 'GBP', 'CZK', 'SEK', 'CHF', 'ZAR', 'JPY', 'RUB']
 []
different number of currencies in ConvertClass and in db ['AUD', 'AZN', 'AMD', 'BYN', 'BGN', 'BRL', 'HUF', 'KRW', 'HKD', 'DKK', 'USD', 'EUR', 'INR', 'KZT', 'CAD', 'KGS', 'CNY', 'MDL', 'TMT', 'NOK', 'PLN', 'RON', 'XDR', 'SGD', 'TJS', 'TRY', 'UZS', 'UAH', 'GBP', 'CZK', 'SEK', 'CHF', 'ZAR', 'JPY', 'RUB']
 []
different number of currencies in ConvertClass and in db ['AUD', 'AZN', 'AMD', 'BYN', 'BGN', 'BRL', 'HUF', 'KRW', 'HKD', 'DKK', 'USD', 'EUR', 'INR', 'KZT', 'CAD', 'KGS', 'CNY', 'MDL', 'TMT', 'NOK', 'PLN', 'RON', 'XDR', 'SGD', 'TJS', 'TRY', 'UZS', 'UAH', 'GBP', 'CZK', 'SEK', 'CHF', 'ZAR', 'JPY', 'RUB']
 []
different number of currencies in ConvertClass and in db ['AUD', 'AZN', 'AMD', 'BYN', 'BGN', 'BRL', 'HUF', 'KRW', 'HKD', 'DKK', 'USD', 'EUR', 'INR', 'KZT', 'CAD', 'KGS', 'CNY', 'MDL', 'TMT', 'NOK', 'PLN', 'RON', 'XDR', 'SGD', 'TJS', 'TRY', 'UZS', 'UAH', 'GBP', 'CZK', 'SEK', 'CHF', 'ZAR', 'JPY', 'RUB']
 []
different number of currencies in ConvertClass and in db ['AUD', 'AZN', 'AMD', 'BYN', 'BGN', 'BRL', 'HUF', 'KRW', 'HKD', 'DKK', 'USD', 'EUR', 'INR', 'KZT', 'CAD', 'KGS', 'CNY', 'MDL', 'TMT', 'NOK', 'PLN', 'RON', 'XDR', 'SGD', 'TJS', 'TRY', 'UZS', 'UAH', 'GBP', 'CZK', 'SEK', 'CHF', 'ZAR', 'JPY', 'RUB']
 []
